<?xml version="1.0" encoding="UTF-8"?>
<robot generator="Robot 3.2.2 (Python 3.7.9 on win32)" generated="20220412 11:19:04.847" rpa="false">
<suite id="s1" name="CBT Test" source="C:\ws\git\CBT_prive\PythonSelenium\CBT\CBT_Test.robot">
<test id="s1-t1" name="TC1">
<kw name="Set Variable" library="BuiltIn">
<doc>Returns the given values which can then be assigned to a variables.</doc>
<arguments>
<arg>https://pascal_rDhTa5:xPxLNTLHpoUsz9uwBZst@hub-cloud.browserstack.com/wd/hub</arg>
</arguments>
<assign>
<var>${grid_url}</var>
</assign>
<msg timestamp="20220412 11:19:05.038" level="INFO">${grid_url} = https://pascal_rDhTa5:xPxLNTLHpoUsz9uwBZst@hub-cloud.browserstack.com/wd/hub</msg>
<status status="PASS" starttime="20220412 11:19:05.038" endtime="20220412 11:19:05.038"></status>
</kw>
<kw name="Evaluate" library="BuiltIn">
<doc>Evaluates the given expression in Python and returns the result.</doc>
<arguments>
<arg>{'os_version': '10', 'os': 'Windows', 'browser': 'chrome','browser_version': 'latest', 'name': 'Parallel Test1', 'build': 'browserstack-build-1'}</arg>
</arguments>
<assign>
<var>${caps}</var>
</assign>
<msg timestamp="20220412 11:19:05.038" level="INFO">${caps} = {'os_version': '10', 'os': 'Windows', 'browser': 'chrome', 'browser_version': 'latest', 'name': 'Parallel Test1', 'build': 'browserstack-build-1'}</msg>
<status status="PASS" starttime="20220412 11:19:05.038" endtime="20220412 11:19:05.038"></status>
</kw>
<kw name="Comment" library="BuiltIn">
<doc>Displays the given messages in the log file as keyword arguments.</doc>
<arguments>
<arg>${executor}</arg>
<arg>Evaluate</arg>
<arg>selenium.webdriver.remote.remote_connection.RemoteConnection('${grid_url}')</arg>
<arg>selenium.webdriver</arg>
</arguments>
<status status="PASS" starttime="20220412 11:19:05.038" endtime="20220412 11:19:05.038"></status>
</kw>
<kw name="Comment" library="BuiltIn">
<doc>Displays the given messages in the log file as keyword arguments.</doc>
<arguments>
<arg>Create Webdriver</arg>
<arg>Remote</arg>
<arg>command_executor=${executor}</arg>
<arg>desired_capabilities=${caps}</arg>
</arguments>
<status status="PASS" starttime="20220412 11:19:05.038" endtime="20220412 11:19:05.038"></status>
</kw>
<kw name="Comment" library="BuiltIn">
<doc>Displays the given messages in the log file as keyword arguments.</doc>
<arguments>
<arg>go to</arg>
<arg>https:\\www.google.com</arg>
</arguments>
<status status="PASS" starttime="20220412 11:19:05.039" endtime="20220412 11:19:05.039"></status>
</kw>
<kw name="Open Browser" library="SeleniumLibrary">
<doc>Opens a new browser instance to the optional ``url``.</doc>
<arguments>
<arg>https:\\www.google.com</arg>
<arg>Chrome</arg>
<arg>remote_url=${grid_url}</arg>
<arg>desired_capabilities=${caps}</arg>
</arguments>
<msg timestamp="20220412 11:19:05.039" level="INFO">Opening browser 'Chrome' to base url 'https:\www.google.com' through remote server at 'https://pascal_rDhTa5:xPxLNTLHpoUsz9uwBZst@hub-cloud.browserstack.com/wd/hub'.</msg>
<status status="PASS" starttime="20220412 11:19:05.039" endtime="20220412 11:19:10.366"></status>
</kw>
<kw name="Click Element" library="SeleniumLibrary">
<doc>Click the element identified by ``locator``.</doc>
<arguments>
<arg>//button/div[text()='Ik ga akkoord']</arg>
</arguments>
<msg timestamp="20220412 11:19:10.367" level="INFO">Clicking element '//button/div[text()='Ik ga akkoord']'.</msg>
<status status="PASS" starttime="20220412 11:19:10.366" endtime="20220412 11:19:10.600"></status>
</kw>
<kw name="Wait Until Element Is Enabled" library="SeleniumLibrary">
<doc>Waits until the element ``locator`` is enabled.</doc>
<arguments>
<arg>xpath=//input[@name='q']</arg>
</arguments>
<status status="PASS" starttime="20220412 11:19:10.600" endtime="20220412 11:19:11.253"></status>
</kw>
<kw name="Input Text" library="SeleniumLibrary">
<doc>Types the given ``text`` into the text field identified by ``locator``.</doc>
<arguments>
<arg>xpath=//input[@name='q']</arg>
<arg>selenium</arg>
</arguments>
<msg timestamp="20220412 11:19:11.254" level="INFO">Typing text 'selenium' into text field 'xpath=//input[@name='q']'.</msg>
<status status="PASS" starttime="20220412 11:19:11.254" endtime="20220412 11:19:11.654"></status>
</kw>
<kw name="Click Button" library="SeleniumLibrary">
<doc>Clicks the button identified by ``locator``.</doc>
<arguments>
<arg>//input[@name='btnK']</arg>
</arguments>
<msg timestamp="20220412 11:19:11.654" level="INFO">Clicking button '//input[@name='btnK']'.</msg>
<status status="PASS" starttime="20220412 11:19:11.654" endtime="20220412 11:19:15.079"></status>
</kw>
<kw name="Capture Page Screenshot" library="SeleniumLibrary">
<doc>Takes a screenshot of the current page and embeds it into a log file.</doc>
<msg timestamp="20220412 11:19:15.511" level="INFO" html="yes">&lt;/td&gt;&lt;/tr&gt;&lt;tr&gt;&lt;td colspan="3"&gt;&lt;a href="selenium-screenshot-1.png"&gt;&lt;img src="selenium-screenshot-1.png" width="800px"&gt;&lt;/a&gt;</msg>
<status status="PASS" starttime="20220412 11:19:15.079" endtime="20220412 11:19:15.512"></status>
</kw>
<kw name="Close Browser" library="SeleniumLibrary" type="teardown">
<doc>Closes the current browser.</doc>
<status status="PASS" starttime="20220412 11:19:15.512" endtime="20220412 11:19:16.303"></status>
</kw>
<status status="PASS" starttime="20220412 11:19:05.037" endtime="20220412 11:19:16.303" critical="yes"></status>
</test>
<status status="PASS" starttime="20220412 11:19:04.848" endtime="20220412 11:19:16.304"></status>
</suite>
<statistics>
<total>
<stat pass="1" fail="0">Critical Tests</stat>
<stat pass="1" fail="0">All Tests</stat>
</total>
<tag>
</tag>
<suite>
<stat pass="1" fail="0" id="s1" name="CBT Test">CBT Test</stat>
</suite>
</statistics>
<errors>
</errors>
</robot>
